20230602	05:09:09	85e19ed8-0eb3-4018-9f13-95529808176b	GET	/dave	undefined
20230602	05:09:09	0f32849b-53ab-4684-97cc-5baa1ea9a793	GET	/css/style.css	undefined
20230602	05:09:09	0290219e-de65-40d0-8ccc-2e7115260947	GET	/favicon.ico	undefined
20230602	05:09:12	9c72abfd-6fa9-4c72-bdeb-3a35698b2195	GET	/	undefined
20230602	05:09:12	9751f674-f4aa-4880-b8ec-b0fb8de97a35	GET	/%PUBLIC_URL%/manifest.json	undefined
20230602	05:09:12	269bff38-399e-4862-89ef-b6933b10e625	GET	/%PUBLIC_URL%/favicon.ico	undefined
20230602	05:10:58	e8df34d0-2f27-4c96-a33b-d2980a455937	GET	/	undefined
20230602	05:10:58	4cfca6c0-053d-456e-a548-cef1b35b911e	GET	/css/style.css	undefined
20230602	05:11:15	b327c18d-554d-4504-a0ef-e4f73de322b1	GET	/	undefined
20230602	05:11:15	6e8a8dae-67dd-4652-b4be-9927dda732aa	GET	/%PUBLIC_URL%/favicon.ico	undefined
20230602	05:11:15	1d109c40-e2a7-447f-9957-eec08c0ce295	GET	/%PUBLIC_URL%/manifest.json	undefined
20230602	05:11:23	6280628a-41c8-4490-afbc-a8f885b6478c	GET	/	undefined
20230602	05:11:23	d1e24ddf-b36e-415c-b5fe-34f6ed55054e	GET	/css/style.css	undefined
20230602	05:11:23	4bec1eb1-9638-4591-9fa0-c0e81fe7a58f	GET	/favicon.ico	undefined
20230602	05:11:23	86c0621b-3d1a-48a9-96d2-82ddc147673c	GET	/	undefined
20230602	05:11:23	6c1a74f9-c502-4b0e-811e-dcec5cdb8d4a	GET	/css/style.css	undefined
20230602	05:15:45	bf9263d4-e013-49fb-b51f-66cf49ea2cf4	GET	/	undefined
20230602	05:15:46	dd543c42-d7de-46eb-b09c-07fc711f702f	GET	/css/style.css	undefined
20230602	05:15:50	fd2b36e9-89ea-43f6-9d6e-ebdf46a903f6	GET	/	undefined
20230602	05:15:50	ede5281e-5d62-4805-a6c1-7103c87e19a6	GET	/css/style.css	undefined
20230602	05:15:51	5cf84471-ac0b-46a6-84f0-a092c04fc039	GET	/	undefined
20230602	05:15:51	ed24ad99-7c74-43c5-bef1-fdaa24fafbfb	GET	/css/style.css	undefined
20230602	05:15:51	8867bd72-8eb6-49c7-8d2b-5061c78f0f6f	GET	/	undefined
20230602	05:15:51	8e878e26-76a5-48bf-a25f-27c0812ed42e	GET	/css/style.css	undefined
20230602	05:15:51	3c550cb1-67b7-4ad1-bf91-37439bea0bf7	GET	/	undefined
20230602	05:15:51	30fa7566-1903-47b8-b01e-968600a21635	GET	/css/style.css	undefined
20230602	05:15:51	b2fb5ad7-6a87-4551-8f11-af59b04551d6	GET	/	undefined
20230602	05:15:51	04d9537b-3abd-4329-9ef2-fa49323ce712	GET	/css/style.css	undefined
20230602	05:15:51	4b09790b-ab48-4efe-bd04-3625505b9d45	GET	/	undefined
20230602	05:15:51	df8d3914-91d6-4566-b310-dd8cdc6a2d05	GET	/css/style.css	undefined
20230602	05:34:53	0ea5ab98-a11b-47e9-baaf-37fa0c588ed3	GET	/kl	undefined
20230602	05:34:53	24ee12a6-c86b-4770-8ab8-ca2994a21357	GET	/css/style.css	undefined
20230602	05:35:23	7362ce4f-0506-41ca-97c1-eaa8ec0f29b3	GET	/kl	undefined
20230602	05:35:23	0378f25e-620a-441e-9453-af80d4ca3169	GET	/css/style.css	undefined
20230602	05:35:31	34204d24-e9c1-4be1-b819-227bf8a959cc	GET	/	undefined
20230602	05:35:31	464d3532-6557-4ef1-bdf3-62d19fc62d4e	GET	/css/style.css	undefined
20230609	03:48:01	6d76f62a-22af-4733-bc08-565bd35720c5	GET	/citizenDemand	undefined
20230609	03:48:01	da572466-0ffa-4c94-80c0-1eea4dd8a3e6	GET	/css/style.css	undefined
20230609	03:48:02	83015138-5ba7-4351-a875-a3f10c1399a9	GET	/favicon.ico	undefined
20230609	03:48:52	e1a15b42-e3d9-4530-a509-73e466375a2e	GET	/	undefined
20230609	03:48:52	34802599-93e5-4b34-a0ba-90a62f49ae7c	GET	/css/style.css	undefined
20230609	03:48:53	0db45542-c417-4701-8ca5-8925ed995b1f	GET	/favicon.ico	undefined
20230609	03:58:16	87247fcb-bc8e-47aa-b054-72151dbc5bfd	GET	/	undefined
20230609	03:58:16	df355a8c-e869-4d71-a505-a5fb9d5205be	GET	/css/style.css	undefined
20230609	03:58:16	37f31307-bc39-4885-95e0-b41f77ea14f9	GET	/favicon.ico	undefined
20230609	03:58:19	1cc30d27-f9fe-4b25-856c-23dbd4a167f6	GET	/kn	undefined
20230609	03:58:19	69614b0f-9fd1-49ce-825d-382e3622bcd9	GET	/css/style.css	undefined
20230609	03:58:24	1780c891-761a-40ea-a252-eb238f711c36	GET	/	undefined
20230609	03:58:24	b091f9b6-e0f8-4fda-9ad3-d821c54306bb	GET	/css/style.css	undefined
